<?xml version="1.0" ?>
<!DOCTYPE coverage SYSTEM "http://cobertura.sourceforge.net/xml/coverage-04.dtd">
<coverage lines-valid="33" lines-covered="18" line-rate="0.5454" branches-valid="9" branches-covered="9" branch-rate="1" timestamp="1674953290713" complexity="0" version="0.1">
  <sources>
    <source>/home/yuuki.linux/playwright-to-istanbul-sample</source>
  </sources>
  <packages>
    <package name="main" line-rate="0.5454" branch-rate="1">
      <classes>
        <class name="hello.erb-1.js" filename=".nyc_output/localhost_8099/hello.erb-1.js" line-rate="1" branch-rate="1">
          <methods>
          </methods>
          <lines>
            <line number="1" hits="1" branch="true" condition-coverage="100% (1/1)"/>
            <line number="2" hits="1" branch="true" condition-coverage="100% (1/1)"/>
            <line number="3" hits="1" branch="false"/>
            <line number="4" hits="1" branch="false"/>
            <line number="5" hits="1" branch="false"/>
            <line number="6" hits="1" branch="false"/>
            <line number="7" hits="1" branch="false"/>
          </lines>
        </class>
        <class name="hello.erb-2.js" filename=".nyc_output/localhost_8099/hello.erb-2.js" line-rate="0.7142000000000001" branch-rate="1">
          <methods>
            <method name="ShowAlart2" hits="0" signature="()V">
              <lines>
                <line number="2" hits="0"/>
              </lines>
            </method>
          </methods>
          <lines>
            <line number="1" hits="1" branch="true" condition-coverage="100% (1/1)"/>
            <line number="2" hits="1" branch="false"/>
            <line number="3" hits="0" branch="false"/>
            <line number="4" hits="0" branch="false"/>
            <line number="5" hits="1" branch="false"/>
            <line number="6" hits="1" branch="false"/>
            <line number="7" hits="1" branch="false"/>
          </lines>
        </class>
        <class name="hello.erb-3.js" filename=".nyc_output/localhost_8099/hello.erb-3.js" line-rate="0" branch-rate="1">
          <methods>
          </methods>
          <lines>
            <line number="1" hits="0" branch="false"/>
            <line number="2" hits="0" branch="true" condition-coverage="100% (1/1)"/>
            <line number="3" hits="0" branch="true" condition-coverage="100% (1/1)"/>
            <line number="4" hits="0" branch="false"/>
          </lines>
        </class>
        <class name="hello.erb-4.js" filename=".nyc_output/localhost_8099/hello.erb-4.js" line-rate="0" branch-rate="1">
          <methods>
          </methods>
          <lines>
            <line number="1" hits="0" branch="false"/>
            <line number="2" hits="0" branch="true" condition-coverage="100% (1/1)"/>
            <line number="3" hits="0" branch="false"/>
            <line number="4" hits="0" branch="false"/>
          </lines>
        </class>
        <class name="sample.js" filename=".nyc_output/localhost_8099/sample.js" line-rate="0.625" branch-rate="1">
          <methods>
            <method name="ShowAlartS1" hits="0" signature="()V">
              <lines>
                <line number="4" hits="0"/>
              </lines>
            </method>
          </methods>
          <lines>
            <line number="1" hits="1" branch="true" condition-coverage="100% (2/2)"/>
            <line number="2" hits="1" branch="false"/>
            <line number="3" hits="1" branch="false"/>
            <line number="4" hits="0" branch="false"/>
            <line number="5" hits="0" branch="false"/>
            <line number="6" hits="0" branch="false"/>
            <line number="7" hits="1" branch="false"/>
            <line number="8" hits="1" branch="false"/>
          </lines>
        </class>
        <class name="style.css.js" filename=".nyc_output/localhost_8099/style.css.js" line-rate="0.3333" branch-rate="1">
          <methods>
          </methods>
          <lines>
            <line number="1" hits="0" branch="false"/>
            <line number="2" hits="1" branch="true" condition-coverage="100% (1/1)"/>
            <line number="3" hits="0" branch="false"/>
          </lines>
        </class>
      </classes>
    </package>
  </packages>
</coverage>
